<?xml version="1.0" encoding="UTF-8"?>
<!-- Generated by org.testng.reporters.JUnitXMLReporter -->
<testsuite ignored="18" hostname="Rakib-Ansar" failures="2" tests="3" name="Testing(failed)" time="64.914" errors="0" timestamp="2024-10-01T12:10:57 IST">
  <testcase classname="Testcase.Viewfiletestcases" name="Fdeleteinsurence" time="4.974"/>
  <testcase classname="Testcase.Viewfiletestcases" name="Deditinsurence" time="7.322">
    <failure type="org.openqa.selenium.TimeoutException" message="Expected condition failed: waiting for visibility of element located by By.xpath: //img[@alt=&amp;quot;edit&amp;quot;] (tried for 5 second(s) with 500 milliseconds interval)
Build info: version: &amp;apos;4.23.0&amp;apos;, revision: &amp;apos;4df0a231af&amp;apos;
System info: os.name: &amp;apos;Windows 11&amp;apos;, os.arch: &amp;apos;amd64&amp;apos;, os.version: &amp;apos;10.0&amp;apos;, java.version: &amp;apos;22.0.1&amp;apos;
Driver info: org.openqa.selenium.chrome.ChromeDriver
Capabilities {acceptInsecureCerts: false, browserName: chrome, browserVersion: 129.0.6668.70, chrome: {chromedriverVersion: 129.0.6668.70 (df87d5cf12b1..., userDataDir: C:\Users\RAKIBA~1\AppData\L...}, fedcm:accounts: true, goog:chromeOptions: {debuggerAddress: localhost:56658}, networkConnectionEnabled: false, pageLoadStrategy: normal, platformName: windows, proxy: Proxy(), se:cdp: ws://localhost:56658/devtoo..., se:cdpVersion: 129.0.6668.70, setWindowRect: true, strictFileInteractability: false, timeouts: {implicit: 0, pageLoad: 300000, script: 30000}, unhandledPromptBehavior: dismiss and notify, webauthn:extension:credBlob: true, webauthn:extension:largeBlob: true, webauthn:extension:minPinLength: true, webauthn:extension:prf: true, webauthn:virtualAuthenticators: true}
Session ID: acda40533fc68571a9e5807a1bd5b590">
      <![CDATA[org.openqa.selenium.TimeoutException: Expected condition failed: waiting for visibility of element located by By.xpath: //img[@alt="edit"] (tried for 5 second(s) with 500 milliseconds interval)
Build info: version: '4.23.0', revision: '4df0a231af'
System info: os.name: 'Windows 11', os.arch: 'amd64', os.version: '10.0', java.version: '22.0.1'
Driver info: org.openqa.selenium.chrome.ChromeDriver
Capabilities {acceptInsecureCerts: false, browserName: chrome, browserVersion: 129.0.6668.70, chrome: {chromedriverVersion: 129.0.6668.70 (df87d5cf12b1..., userDataDir: C:\Users\RAKIBA~1\AppData\L...}, fedcm:accounts: true, goog:chromeOptions: {debuggerAddress: localhost:56658}, networkConnectionEnabled: false, pageLoadStrategy: normal, platformName: windows, proxy: Proxy(), se:cdp: ws://localhost:56658/devtoo..., se:cdpVersion: 129.0.6668.70, setWindowRect: true, strictFileInteractability: false, timeouts: {implicit: 0, pageLoad: 300000, script: 30000}, unhandledPromptBehavior: dismiss and notify, webauthn:extension:credBlob: true, webauthn:extension:largeBlob: true, webauthn:extension:minPinLength: true, webauthn:extension:prf: true, webauthn:virtualAuthenticators: true}
Session ID: acda40533fc68571a9e5807a1bd5b590
at org.openqa.selenium.support.ui.WebDriverWait.timeoutException(WebDriverWait.java:84)
at org.openqa.selenium.support.ui.FluentWait.until(FluentWait.java:228)
at healthinterface.doctorweb.base.waitelementminimum(base.java:89)
at PageObject.AppointmentHIEMRpage.Editinsuren(AppointmentHIEMRpage.java:326)
at Testcase.Viewfiletestcases.Deditinsurence(Viewfiletestcases.java:306)
at java.base/java.util.ArrayList.forEach(ArrayList.java:1597)
... Removed 25 stack frames]]>
    </failure>
  </testcase> <!-- Deditinsurence -->
  <testcase classname="Testcase.Viewfiletestcases" name="Ediscardinsurence" time="7.301">
    <failure type="org.openqa.selenium.TimeoutException" message="Expected condition failed: waiting for visibility of element located by By.xpath: //img[@alt=&amp;quot;edit&amp;quot;] (tried for 5 second(s) with 500 milliseconds interval)
Build info: version: &amp;apos;4.23.0&amp;apos;, revision: &amp;apos;4df0a231af&amp;apos;
System info: os.name: &amp;apos;Windows 11&amp;apos;, os.arch: &amp;apos;amd64&amp;apos;, os.version: &amp;apos;10.0&amp;apos;, java.version: &amp;apos;22.0.1&amp;apos;
Driver info: org.openqa.selenium.chrome.ChromeDriver
Capabilities {acceptInsecureCerts: false, browserName: chrome, browserVersion: 129.0.6668.70, chrome: {chromedriverVersion: 129.0.6668.70 (df87d5cf12b1..., userDataDir: C:\Users\RAKIBA~1\AppData\L...}, fedcm:accounts: true, goog:chromeOptions: {debuggerAddress: localhost:56658}, networkConnectionEnabled: false, pageLoadStrategy: normal, platformName: windows, proxy: Proxy(), se:cdp: ws://localhost:56658/devtoo..., se:cdpVersion: 129.0.6668.70, setWindowRect: true, strictFileInteractability: false, timeouts: {implicit: 0, pageLoad: 300000, script: 30000}, unhandledPromptBehavior: dismiss and notify, webauthn:extension:credBlob: true, webauthn:extension:largeBlob: true, webauthn:extension:minPinLength: true, webauthn:extension:prf: true, webauthn:virtualAuthenticators: true}
Session ID: acda40533fc68571a9e5807a1bd5b590">
      <![CDATA[org.openqa.selenium.TimeoutException: Expected condition failed: waiting for visibility of element located by By.xpath: //img[@alt="edit"] (tried for 5 second(s) with 500 milliseconds interval)
Build info: version: '4.23.0', revision: '4df0a231af'
System info: os.name: 'Windows 11', os.arch: 'amd64', os.version: '10.0', java.version: '22.0.1'
Driver info: org.openqa.selenium.chrome.ChromeDriver
Capabilities {acceptInsecureCerts: false, browserName: chrome, browserVersion: 129.0.6668.70, chrome: {chromedriverVersion: 129.0.6668.70 (df87d5cf12b1..., userDataDir: C:\Users\RAKIBA~1\AppData\L...}, fedcm:accounts: true, goog:chromeOptions: {debuggerAddress: localhost:56658}, networkConnectionEnabled: false, pageLoadStrategy: normal, platformName: windows, proxy: Proxy(), se:cdp: ws://localhost:56658/devtoo..., se:cdpVersion: 129.0.6668.70, setWindowRect: true, strictFileInteractability: false, timeouts: {implicit: 0, pageLoad: 300000, script: 30000}, unhandledPromptBehavior: dismiss and notify, webauthn:extension:credBlob: true, webauthn:extension:largeBlob: true, webauthn:extension:minPinLength: true, webauthn:extension:prf: true, webauthn:virtualAuthenticators: true}
Session ID: acda40533fc68571a9e5807a1bd5b590
at org.openqa.selenium.support.ui.WebDriverWait.timeoutException(WebDriverWait.java:84)
at org.openqa.selenium.support.ui.FluentWait.until(FluentWait.java:228)
at healthinterface.doctorweb.base.waitelementminimum(base.java:89)
at PageObject.AppointmentHIEMRpage.Editinsuren(AppointmentHIEMRpage.java:326)
at Testcase.Viewfiletestcases.Ediscardinsurence(Viewfiletestcases.java:331)
at java.base/java.util.ArrayList.forEach(ArrayList.java:1597)
... Removed 25 stack frames]]>
    </failure>
  </testcase> <!-- Ediscardinsurence -->
  <testcase classname="Testcase.Viewfiletestcases" name="nonDICOMemptyupload" time="0.0">
    <ignored/>
  </testcase> <!-- nonDICOMemptyupload -->
  <testcase classname="Testcase.Viewfiletestcases" name="DICOMuploadfile" time="0.0">
    <ignored/>
  </testcase> <!-- DICOMuploadfile -->
  <testcase classname="Testcase.Viewfiletestcases" name="testMandatoryFields" time="0.0">
    <ignored/>
  </testcase> <!-- testMandatoryFields -->
  <testcase classname="Testcase.Viewfiletestcases" name="DataPersistence" time="0.0">
    <ignored/>
  </testcase> <!-- DataPersistence -->
  <testcase classname="Testcase.Viewfiletestcases" name="BAddinsurenceblankdata" time="0.0">
    <ignored/>
  </testcase> <!-- BAddinsurenceblankdata -->
  <testcase classname="Testcase.Viewfiletestcases" name="multiplecareteam" time="0.0">
    <ignored/>
  </testcase> <!-- multiplecareteam -->
  <testcase classname="Testcase.Viewfiletestcases" name="CAddinsurenceblankdatefield" time="0.0">
    <ignored/>
  </testcase> <!-- CAddinsurenceblankdatefield -->
  <testcase classname="Testcase.Viewfiletestcases" name="clickondiscard" time="0.0">
    <ignored/>
  </testcase> <!-- clickondiscard -->
  <testcase classname="Testcase.Viewfiletestcases" name="testMandatoryFieldsblank" time="0.0">
    <ignored/>
  </testcase> <!-- testMandatoryFieldsblank -->
  <testcase classname="Testcase.Viewfiletestcases" name="DICOMcancelupload" time="0.0">
    <ignored/>
  </testcase> <!-- DICOMcancelupload -->
  <testcase classname="Testcase.Viewfiletestcases" name="apointmentpatientnameDataPersistence" time="0.0">
    <ignored/>
  </testcase> <!-- apointmentpatientnameDataPersistence -->
  <testcase classname="Testcase.Viewfiletestcases" name="appointedDrcheck" time="0.0">
    <ignored/>
  </testcase> <!-- appointedDrcheck -->
  <testcase classname="Testcase.Viewfiletestcases" name="AAddinsurencevaliddata" time="0.0">
    <ignored/>
  </testcase> <!-- AAddinsurencevaliddata -->
  <testcase classname="Testcase.Viewfiletestcases" name="nonDICOMcancelupload" time="0.0">
    <ignored/>
  </testcase> <!-- nonDICOMcancelupload -->
  <testcase classname="Testcase.Viewfiletestcases" name="deselectmembers" time="0.0">
    <ignored/>
  </testcase> <!-- deselectmembers -->
  <testcase classname="Testcase.Viewfiletestcases" name="invalidemail" time="0.0">
    <ignored/>
  </testcase> <!-- invalidemail -->
  <testcase classname="Testcase.Viewfiletestcases" name="DICOMemptyupload" time="0.0">
    <ignored/>
  </testcase> <!-- DICOMemptyupload -->
  <testcase classname="Testcase.Viewfiletestcases" name="nonDICOMuploadfile" time="0.0">
    <ignored/>
  </testcase> <!-- nonDICOMuploadfile -->
</testsuite> <!-- Testing(failed) -->
